{"error":"getaddrinfo EAI_AGAIN your_host","level":"error","message":"Database query error","timestamp":"2025-10-20T05:24:30.993Z"}
{"error":"getaddrinfo EAI_AGAIN your_host","level":"error","message":"Error verifying user","timestamp":"2025-10-20T05:24:30.994Z"}
{"error":"getaddrinfo EAI_AGAIN your_host","level":"error","message":"Database query error","timestamp":"2025-10-20T05:24:41.623Z"}
{"error":"getaddrinfo EAI_AGAIN your_host","level":"error","message":"Error verifying user","timestamp":"2025-10-20T05:24:41.624Z"}
{"error":"getaddrinfo EAI_AGAIN your_host","level":"error","message":"Database query error","timestamp":"2025-10-20T05:24:41.624Z"}
{"error":"getaddrinfo EAI_AGAIN your_host","level":"error","message":"Error verifying user","timestamp":"2025-10-20T05:24:41.625Z"}
{"error":"getaddrinfo EAI_AGAIN your_host","level":"error","message":"Database query error","timestamp":"2025-10-20T05:44:11.868Z"}
{"error":"getaddrinfo EAI_AGAIN your_host","level":"error","message":"Error verifying user","timestamp":"2025-10-20T05:44:11.868Z"}
{"error":"getaddrinfo EAI_AGAIN your_host","level":"error","message":"Database query error","timestamp":"2025-10-20T05:44:26.402Z"}
{"error":"getaddrinfo EAI_AGAIN your_host","level":"error","message":"Error verifying user","timestamp":"2025-10-20T05:44:26.403Z"}
{"error":"getaddrinfo EAI_AGAIN your_host","level":"error","message":"Database query error","timestamp":"2025-10-20T05:44:26.404Z"}
{"error":"getaddrinfo EAI_AGAIN your_host","level":"error","message":"Error verifying user","timestamp":"2025-10-20T05:44:26.404Z"}
{"error":"getaddrinfo EAI_AGAIN your_host","level":"error","message":"Database query error","timestamp":"2025-10-20T05:49:17.690Z"}
{"error":"getaddrinfo EAI_AGAIN your_host","level":"error","message":"Error verifying user","timestamp":"2025-10-20T05:49:17.691Z"}
{"error":"getaddrinfo EAI_AGAIN your_host","level":"error","message":"Database query error","timestamp":"2025-10-20T05:49:17.698Z"}
{"error":"getaddrinfo EAI_AGAIN your_host","level":"error","message":"Error verifying user","timestamp":"2025-10-20T05:49:17.698Z"}
{"error":"getaddrinfo EAI_AGAIN your_host","level":"error","message":"Database query error","timestamp":"2025-10-20T05:49:17.699Z"}
{"error":"getaddrinfo EAI_AGAIN your_host","level":"error","message":"Error verifying user","timestamp":"2025-10-20T05:49:17.700Z"}
{"error":"getaddrinfo EAI_AGAIN your_host","level":"error","message":"Database query error","timestamp":"2025-10-20T05:49:17.703Z"}
{"error":"getaddrinfo EAI_AGAIN your_host","level":"error","message":"Error verifying user","timestamp":"2025-10-20T05:49:17.703Z"}
{"error":"getaddrinfo EAI_AGAIN your_host","level":"error","message":"Database query error","timestamp":"2025-10-20T05:49:23.134Z"}
{"error":"getaddrinfo EAI_AGAIN your_host","level":"error","message":"Error verifying user","timestamp":"2025-10-20T05:49:23.135Z"}
{"error":"getaddrinfo EAI_AGAIN your_host","level":"error","message":"Database query error","timestamp":"2025-10-20T05:49:23.135Z"}
{"error":"getaddrinfo EAI_AGAIN your_host","level":"error","message":"Error verifying user","timestamp":"2025-10-20T05:49:23.136Z"}
{"error":"getaddrinfo EAI_AGAIN your_host","level":"error","message":"Database query error","timestamp":"2025-10-20T05:49:25.069Z"}
{"error":"getaddrinfo EAI_AGAIN your_host","level":"error","message":"Error verifying user","timestamp":"2025-10-20T05:49:25.070Z"}
{"error":"getaddrinfo EAI_AGAIN your_host","level":"error","message":"Database query error","timestamp":"2025-10-20T05:49:25.073Z"}
{"error":"getaddrinfo EAI_AGAIN your_host","level":"error","message":"Error verifying user","timestamp":"2025-10-20T05:49:25.073Z"}
{"error":"getaddrinfo EAI_AGAIN your_host","level":"error","message":"Database query error","timestamp":"2025-10-20T05:49:25.076Z"}
{"error":"getaddrinfo EAI_AGAIN your_host","level":"error","message":"Error verifying user","timestamp":"2025-10-20T05:49:25.076Z"}
{"error":"getaddrinfo EAI_AGAIN your_host","level":"error","message":"Database query error","timestamp":"2025-10-20T05:49:25.077Z"}
{"error":"getaddrinfo EAI_AGAIN your_host","level":"error","message":"Error verifying user","timestamp":"2025-10-20T05:49:25.077Z"}
{"error":"getaddrinfo EAI_AGAIN your_host","level":"error","message":"Database query error","timestamp":"2025-10-20T05:49:27.554Z"}
{"error":"getaddrinfo EAI_AGAIN your_host","level":"error","message":"Error verifying user","timestamp":"2025-10-20T05:49:27.554Z"}
{"error":"getaddrinfo EAI_AGAIN your_host","level":"error","message":"Database query error","timestamp":"2025-10-20T05:49:27.555Z"}
{"error":"getaddrinfo EAI_AGAIN your_host","level":"error","message":"Error verifying user","timestamp":"2025-10-20T05:49:27.555Z"}
{"error":"getaddrinfo EAI_AGAIN your_host","level":"error","message":"Database query error","timestamp":"2025-10-20T05:50:05.678Z"}
{"error":"getaddrinfo EAI_AGAIN your_host","level":"error","message":"Error verifying user","timestamp":"2025-10-20T05:50:05.678Z"}
{"error":"getaddrinfo EAI_AGAIN your_host","level":"error","message":"Database query error","timestamp":"2025-10-20T05:50:05.683Z"}
{"error":"getaddrinfo EAI_AGAIN your_host","level":"error","message":"Error verifying user","timestamp":"2025-10-20T05:50:05.683Z"}
{"error":"getaddrinfo EAI_AGAIN your_host","level":"error","message":"Database query error","timestamp":"2025-10-20T05:50:05.685Z"}
{"error":"getaddrinfo EAI_AGAIN your_host","level":"error","message":"Error verifying user","timestamp":"2025-10-20T05:50:05.686Z"}
{"error":"getaddrinfo EAI_AGAIN your_host","level":"error","message":"Database query error","timestamp":"2025-10-20T05:50:05.686Z"}
{"error":"getaddrinfo EAI_AGAIN your_host","level":"error","message":"Error verifying user","timestamp":"2025-10-20T05:50:05.687Z"}
{"error":"getaddrinfo EAI_AGAIN your_host","level":"error","message":"Database query error","timestamp":"2025-10-20T05:50:49.289Z"}
{"error":"getaddrinfo EAI_AGAIN your_host","level":"error","message":"Error verifying user","timestamp":"2025-10-20T05:50:49.291Z"}
{"error":"getaddrinfo EAI_AGAIN your_host","level":"error","message":"Database query error","timestamp":"2025-10-20T05:50:55.822Z"}
{"error":"getaddrinfo EAI_AGAIN your_host","level":"error","message":"Error verifying user","timestamp":"2025-10-20T05:50:55.823Z"}
{"error":"getaddrinfo EAI_AGAIN your_host","level":"error","message":"Database query error","timestamp":"2025-10-20T05:50:55.824Z"}
{"error":"getaddrinfo EAI_AGAIN your_host","level":"error","message":"Error verifying user","timestamp":"2025-10-20T05:50:55.824Z"}
{"error":"getaddrinfo EAI_AGAIN your_host","level":"error","message":"Database query error","timestamp":"2025-10-20T06:02:33.542Z"}
{"error":"getaddrinfo EAI_AGAIN your_host","level":"error","message":"Error verifying user","timestamp":"2025-10-20T06:02:33.542Z"}
{"error":"getaddrinfo EAI_AGAIN your_host","level":"error","message":"Database query error","timestamp":"2025-10-20T06:10:20.765Z"}
{"error":"getaddrinfo EAI_AGAIN your_host","level":"error","message":"Error verifying user","timestamp":"2025-10-20T06:10:20.766Z","userId":1}
{"error":"getaddrinfo EAI_AGAIN your_host","level":"error","message":"Database query error","timestamp":"2025-10-20T06:10:31.186Z"}
{"error":"getaddrinfo EAI_AGAIN your_host","level":"error","message":"Error verifying user","timestamp":"2025-10-20T06:10:31.186Z","userId":1}
{"error":"getaddrinfo EAI_AGAIN your_host","level":"error","message":"Database query error","timestamp":"2025-10-20T06:10:31.188Z"}
{"error":"getaddrinfo EAI_AGAIN your_host","level":"error","message":"Error verifying user","timestamp":"2025-10-20T06:10:31.188Z","userId":1}
{"error":"getaddrinfo EAI_AGAIN your_host","level":"error","message":"Database query error","timestamp":"2025-10-20T06:10:33.551Z"}
{"error":"getaddrinfo EAI_AGAIN your_host","level":"error","message":"Error verifying user","timestamp":"2025-10-20T06:10:33.551Z","userId":1}
{"error":"getaddrinfo EAI_AGAIN your_host","level":"error","message":"Database query error","timestamp":"2025-10-20T06:10:33.552Z"}
{"error":"getaddrinfo EAI_AGAIN your_host","level":"error","message":"Error verifying user","timestamp":"2025-10-20T06:10:33.552Z","userId":1}
{"error":"getaddrinfo EAI_AGAIN your_host","level":"error","message":"Database query error","timestamp":"2025-10-20T06:10:33.557Z"}
{"error":"getaddrinfo EAI_AGAIN your_host","level":"error","message":"Error verifying user","timestamp":"2025-10-20T06:10:33.557Z","userId":1}
{"error":"getaddrinfo EAI_AGAIN your_host","level":"error","message":"Database query error","timestamp":"2025-10-20T06:10:33.558Z"}
{"error":"getaddrinfo EAI_AGAIN your_host","level":"error","message":"Error verifying user","timestamp":"2025-10-20T06:10:33.558Z","userId":1}
{"error":"getaddrinfo EAI_AGAIN your_host","level":"error","message":"Database query error","timestamp":"2025-10-20T06:28:49.802Z"}
{"error":"getaddrinfo EAI_AGAIN your_host","level":"error","message":"Error verifying user","timestamp":"2025-10-20T06:28:49.803Z","userId":1}
{"error":"getaddrinfo EAI_AGAIN your_host","level":"error","message":"Database query error","timestamp":"2025-10-20T06:28:59.680Z"}
{"error":"getaddrinfo EAI_AGAIN your_host","level":"error","message":"Error verifying user","timestamp":"2025-10-20T06:28:59.681Z","userId":1}
{"error":"getaddrinfo EAI_AGAIN your_host","level":"error","message":"Database query error","timestamp":"2025-10-20T06:28:59.682Z"}
{"error":"getaddrinfo EAI_AGAIN your_host","level":"error","message":"Error verifying user","timestamp":"2025-10-20T06:28:59.682Z","userId":1}
{"error":"getaddrinfo EAI_AGAIN your_host","level":"error","message":"Database query error","timestamp":"2025-10-20T06:29:02.879Z"}
{"error":"getaddrinfo EAI_AGAIN your_host","level":"error","message":"Error verifying user","timestamp":"2025-10-20T06:29:02.879Z","userId":1}
{"error":"getaddrinfo EAI_AGAIN your_host","level":"error","message":"Database query error","timestamp":"2025-10-20T06:29:02.881Z"}
{"error":"getaddrinfo EAI_AGAIN your_host","level":"error","message":"Error verifying user","timestamp":"2025-10-20T06:29:02.881Z","userId":1}
{"error":"getaddrinfo EAI_AGAIN your_host","level":"error","message":"Database query error","timestamp":"2025-10-20T06:29:02.887Z"}
{"error":"getaddrinfo EAI_AGAIN your_host","level":"error","message":"Error verifying user","timestamp":"2025-10-20T06:29:02.887Z","userId":1}
{"error":"getaddrinfo EAI_AGAIN your_host","level":"error","message":"Database query error","timestamp":"2025-10-20T06:29:02.888Z"}
{"error":"getaddrinfo EAI_AGAIN your_host","level":"error","message":"Error verifying user","timestamp":"2025-10-20T06:29:02.888Z","userId":1}
{"error":"getaddrinfo EAI_AGAIN your_host","level":"error","message":"Database query error","timestamp":"2025-10-20T06:29:10.648Z"}
{"error":"getaddrinfo EAI_AGAIN your_host","level":"error","message":"Error verifying user","timestamp":"2025-10-20T06:29:10.648Z","userId":1}
{"error":"getaddrinfo EAI_AGAIN your_host","level":"error","message":"Database query error","timestamp":"2025-10-20T06:29:10.649Z"}
{"error":"getaddrinfo EAI_AGAIN your_host","level":"error","message":"Error verifying user","timestamp":"2025-10-20T06:29:10.649Z","userId":1}
{"error":"getaddrinfo EAI_AGAIN your_host","level":"error","message":"Database query error","timestamp":"2025-10-20T06:29:11.899Z"}
{"error":"getaddrinfo EAI_AGAIN your_host","level":"error","message":"Error verifying user","timestamp":"2025-10-20T06:29:11.900Z","userId":1}
{"error":"getaddrinfo EAI_AGAIN your_host","level":"error","message":"Database query error","timestamp":"2025-10-20T06:29:11.901Z"}
{"error":"getaddrinfo EAI_AGAIN your_host","level":"error","message":"Error verifying user","timestamp":"2025-10-20T06:29:11.901Z","userId":1}
{"error":"getaddrinfo EAI_AGAIN your_host","level":"error","message":"Database query error","timestamp":"2025-10-20T06:29:11.906Z"}
{"error":"getaddrinfo EAI_AGAIN your_host","level":"error","message":"Error verifying user","timestamp":"2025-10-20T06:29:11.906Z","userId":1}
{"error":"getaddrinfo EAI_AGAIN your_host","level":"error","message":"Database query error","timestamp":"2025-10-20T06:29:11.907Z"}
{"error":"getaddrinfo EAI_AGAIN your_host","level":"error","message":"Error verifying user","timestamp":"2025-10-20T06:29:11.907Z","userId":1}
{"error":"SSL/TLS required","level":"error","message":"Database query error","timestamp":"2025-10-20T06:32:01.938Z"}
{"error":"SSL/TLS required","level":"error","message":"Error verifying user","timestamp":"2025-10-20T06:32:01.939Z","userId":1}
{"error":"SSL/TLS required","level":"error","message":"Database query error","timestamp":"2025-10-20T06:32:07.863Z"}
{"error":"SSL/TLS required","level":"error","message":"Error verifying user","timestamp":"2025-10-20T06:32:07.864Z","userId":1}
{"error":"SSL/TLS required","level":"error","message":"Database query error","timestamp":"2025-10-20T06:32:08.709Z"}
{"error":"SSL/TLS required","level":"error","message":"Error verifying user","timestamp":"2025-10-20T06:32:08.710Z","userId":1}
{"error":"SSL/TLS required","level":"error","message":"Database query error","timestamp":"2025-10-20T06:32:09.295Z"}
{"error":"SSL/TLS required","level":"error","message":"Error verifying user","timestamp":"2025-10-20T06:32:09.296Z","userId":1}
{"error":"SSL/TLS required","level":"error","message":"Database query error","timestamp":"2025-10-20T06:32:09.297Z"}
{"error":"SSL/TLS required","level":"error","message":"Error verifying user","timestamp":"2025-10-20T06:32:09.297Z","userId":1}
{"error":"SSL/TLS required","level":"error","message":"Database query error","timestamp":"2025-10-20T06:32:09.298Z"}
{"error":"SSL/TLS required","level":"error","message":"Error verifying user","timestamp":"2025-10-20T06:32:09.298Z","userId":1}
{"error":"SSL/TLS required","level":"error","message":"Database query error","timestamp":"2025-10-20T06:32:09.299Z"}
{"error":"SSL/TLS required","level":"error","message":"Error verifying user","timestamp":"2025-10-20T06:32:09.299Z","userId":1}
{"error":"SSL/TLS required","level":"error","message":"Database query error","timestamp":"2025-10-20T06:32:14.541Z"}
{"error":"SSL/TLS required","level":"error","message":"Error verifying user","timestamp":"2025-10-20T06:32:14.541Z","userId":1}
{"error":"SSL/TLS required","level":"error","message":"Database query error","timestamp":"2025-10-20T06:32:14.542Z"}
{"error":"SSL/TLS required","level":"error","message":"Error verifying user","timestamp":"2025-10-20T06:32:14.542Z","userId":1}
{"error":"column \"bio\" does not exist","level":"error","message":"Database query error","timestamp":"2025-10-20T06:35:19.352Z"}
{"error":"column \"bio\" does not exist","level":"error","message":"Error fetching profile","timestamp":"2025-10-20T06:35:19.353Z","userId":1}
{"error":"column \"bio\" does not exist","level":"error","message":"Error getting complete user data","timestamp":"2025-10-20T06:35:19.353Z","userId":1}
{"error":"column \"bio\" does not exist","level":"error","message":"Error retrieving user data","timestamp":"2025-10-20T06:35:19.353Z"}
{"error":"column \"bio\" does not exist","level":"error","message":"Database query error","timestamp":"2025-10-20T06:35:26.019Z"}
{"error":"column \"bio\" does not exist","level":"error","message":"Error fetching profile","timestamp":"2025-10-20T06:35:26.019Z","userId":1}
{"error":"column \"bio\" does not exist","level":"error","message":"Error retrieving profile","timestamp":"2025-10-20T06:35:26.019Z"}
{"error":"column \"bio\" does not exist","level":"error","message":"Database query error","timestamp":"2025-10-20T06:35:26.024Z"}
{"error":"column \"bio\" does not exist","level":"error","message":"Error fetching profile","timestamp":"2025-10-20T06:35:26.024Z","userId":1}
{"error":"column \"bio\" does not exist","level":"error","message":"Error retrieving profile","timestamp":"2025-10-20T06:35:26.024Z"}
{"error":"column \"marketing_emails\" does not exist","level":"error","message":"Database query error","timestamp":"2025-10-20T06:35:28.055Z"}
{"error":"column \"marketing_emails\" does not exist","level":"error","message":"Error fetching preferences","timestamp":"2025-10-20T06:35:28.056Z","userId":1}
{"error":"column \"marketing_emails\" does not exist","level":"error","message":"Error retrieving preferences","timestamp":"2025-10-20T06:35:28.056Z"}
{"error":"column \"marketing_emails\" does not exist","level":"error","message":"Database query error","timestamp":"2025-10-20T06:35:28.057Z"}
{"error":"column \"marketing_emails\" does not exist","level":"error","message":"Error fetching preferences","timestamp":"2025-10-20T06:35:28.058Z","userId":1}
{"error":"column \"marketing_emails\" does not exist","level":"error","message":"Error retrieving preferences","timestamp":"2025-10-20T06:35:28.058Z"}
{"error":"column \"bio\" does not exist","level":"error","message":"Database query error","timestamp":"2025-10-20T06:35:28.362Z"}
{"error":"column \"bio\" does not exist","level":"error","message":"Error fetching profile","timestamp":"2025-10-20T06:35:28.363Z","userId":1}
{"error":"column \"bio\" does not exist","level":"error","message":"Error retrieving profile","timestamp":"2025-10-20T06:35:28.363Z"}
{"error":"column \"bio\" does not exist","level":"error","message":"Database query error","timestamp":"2025-10-20T06:35:28.364Z"}
{"error":"column \"bio\" does not exist","level":"error","message":"Error fetching profile","timestamp":"2025-10-20T06:35:28.364Z","userId":1}
{"error":"column \"bio\" does not exist","level":"error","message":"Error retrieving profile","timestamp":"2025-10-20T06:35:28.364Z"}
{"error":"column \"bio\" does not exist","level":"error","message":"Database query error","timestamp":"2025-10-20T09:31:22.900Z"}
{"error":"column \"bio\" does not exist","level":"error","message":"Error fetching profile","timestamp":"2025-10-20T09:31:22.901Z","userId":1}
{"error":"column \"bio\" does not exist","level":"error","message":"Error getting complete user data","timestamp":"2025-10-20T09:31:22.901Z","userId":1}
{"error":"column \"bio\" does not exist","level":"error","message":"Error retrieving user data","timestamp":"2025-10-20T09:31:22.901Z"}
{"error":"column \"bio\" does not exist","level":"error","message":"Database query error","timestamp":"2025-10-20T09:37:05.987Z"}
{"error":"column \"bio\" does not exist","level":"error","message":"Error fetching profile","timestamp":"2025-10-20T09:37:05.988Z","userId":1}
{"error":"column \"bio\" does not exist","level":"error","message":"Error getting complete user data","timestamp":"2025-10-20T09:37:05.988Z","userId":1}
{"error":"column \"bio\" does not exist","level":"error","message":"Error retrieving user data","timestamp":"2025-10-20T09:37:05.989Z"}
{"error":"column \"date_of_birth\" does not exist","level":"error","message":"Database query error","timestamp":"2025-10-20T09:38:53.376Z"}
{"error":"column \"date_of_birth\" does not exist","level":"error","message":"Error fetching profile","timestamp":"2025-10-20T09:38:53.377Z","userId":1}
{"error":"column \"date_of_birth\" does not exist","level":"error","message":"Error getting complete user data","timestamp":"2025-10-20T09:38:53.377Z","userId":1}
{"error":"column \"date_of_birth\" does not exist","level":"error","message":"Error retrieving user data","timestamp":"2025-10-20T09:38:53.377Z"}
{"error":"column \"date_of_birth\" does not exist","level":"error","message":"Database query error","timestamp":"2025-10-20T09:38:59.959Z"}
{"error":"column \"date_of_birth\" does not exist","level":"error","message":"Error fetching profile","timestamp":"2025-10-20T09:38:59.959Z","userId":1}
{"error":"column \"date_of_birth\" does not exist","level":"error","message":"Error retrieving profile","timestamp":"2025-10-20T09:38:59.960Z"}
{"error":"column \"date_of_birth\" does not exist","level":"error","message":"Database query error","timestamp":"2025-10-20T09:38:59.961Z"}
{"error":"column \"date_of_birth\" does not exist","level":"error","message":"Error fetching profile","timestamp":"2025-10-20T09:38:59.961Z","userId":1}
{"error":"column \"date_of_birth\" does not exist","level":"error","message":"Error retrieving profile","timestamp":"2025-10-20T09:38:59.961Z"}
{"error":"column \"date_of_birth\" does not exist","level":"error","message":"Database query error","timestamp":"2025-10-20T09:39:02.386Z"}
{"error":"column \"date_of_birth\" does not exist","level":"error","message":"Error fetching profile","timestamp":"2025-10-20T09:39:02.386Z","userId":1}
{"error":"column \"date_of_birth\" does not exist","level":"error","message":"Error retrieving profile","timestamp":"2025-10-20T09:39:02.386Z"}
{"error":"column \"date_of_birth\" does not exist","level":"error","message":"Database query error","timestamp":"2025-10-20T09:39:02.387Z"}
{"error":"column \"date_of_birth\" does not exist","level":"error","message":"Error fetching profile","timestamp":"2025-10-20T09:39:02.387Z","userId":1}
{"error":"column \"date_of_birth\" does not exist","level":"error","message":"Error retrieving profile","timestamp":"2025-10-20T09:39:02.387Z"}
{"error":"column \"marketing_emails\" does not exist","level":"error","message":"Database query error","timestamp":"2025-10-20T09:39:02.694Z"}
{"error":"column \"marketing_emails\" does not exist","level":"error","message":"Error fetching preferences","timestamp":"2025-10-20T09:39:02.694Z","userId":1}
{"error":"column \"marketing_emails\" does not exist","level":"error","message":"Error retrieving preferences","timestamp":"2025-10-20T09:39:02.694Z"}
{"error":"column \"marketing_emails\" does not exist","level":"error","message":"Database query error","timestamp":"2025-10-20T09:39:02.695Z"}
{"error":"column \"marketing_emails\" does not exist","level":"error","message":"Error fetching preferences","timestamp":"2025-10-20T09:39:02.695Z","userId":1}
{"error":"column \"marketing_emails\" does not exist","level":"error","message":"Error retrieving preferences","timestamp":"2025-10-20T09:39:02.695Z"}
{"error":"column \"date_of_birth\" does not exist","level":"error","message":"Database query error","timestamp":"2025-10-20T09:39:07.609Z"}
{"error":"column \"date_of_birth\" does not exist","level":"error","message":"Error fetching profile","timestamp":"2025-10-20T09:39:07.609Z","userId":1}
{"error":"column \"date_of_birth\" does not exist","level":"error","message":"Error retrieving profile","timestamp":"2025-10-20T09:39:07.609Z"}
{"error":"column \"date_of_birth\" does not exist","level":"error","message":"Database query error","timestamp":"2025-10-20T09:39:07.610Z"}
{"error":"column \"date_of_birth\" does not exist","level":"error","message":"Error fetching profile","timestamp":"2025-10-20T09:39:07.610Z","userId":1}
{"error":"column \"date_of_birth\" does not exist","level":"error","message":"Error retrieving profile","timestamp":"2025-10-20T09:39:07.611Z"}
{"error":"column \"updated_at\" does not exist","level":"error","message":"Database query error","timestamp":"2025-10-20T10:15:36.935Z"}
{"error":"column \"updated_at\" does not exist","level":"error","message":"Error fetching profile","timestamp":"2025-10-20T10:15:36.935Z","userId":1}
{"error":"column \"updated_at\" does not exist","level":"error","message":"Error getting complete user data","timestamp":"2025-10-20T10:15:36.936Z","userId":1}
{"error":"column \"updated_at\" does not exist","level":"error","message":"Error retrieving user data","timestamp":"2025-10-20T10:15:36.936Z"}
{"error":"Connection terminated due to connection timeout","level":"error","message":"Database query error","timestamp":"2025-10-20T10:17:28.949Z"}
{"error":"Connection terminated due to connection timeout","level":"error","message":"Error verifying user","timestamp":"2025-10-20T10:17:28.949Z","userId":1}
{"error":"syntax error at or near \"FROM\"","level":"error","message":"Database query error","timestamp":"2025-10-20T10:17:38.826Z"}
{"error":"syntax error at or near \"FROM\"","level":"error","message":"Error fetching profile","timestamp":"2025-10-20T10:17:38.826Z","userId":1}
{"error":"syntax error at or near \"FROM\"","level":"error","message":"Error retrieving profile","timestamp":"2025-10-20T10:17:38.826Z"}
{"error":"syntax error at or near \"FROM\"","level":"error","message":"Database query error","timestamp":"2025-10-20T10:17:38.828Z"}
{"error":"syntax error at or near \"FROM\"","level":"error","message":"Error fetching profile","timestamp":"2025-10-20T10:17:38.828Z","userId":1}
{"error":"syntax error at or near \"FROM\"","level":"error","message":"Error retrieving profile","timestamp":"2025-10-20T10:17:38.828Z"}
{"error":"Connection terminated due to connection timeout","level":"error","message":"Database query error","timestamp":"2025-10-20T10:17:40.741Z"}
{"error":"Connection terminated due to connection timeout","level":"error","message":"Error verifying user","timestamp":"2025-10-20T10:17:40.741Z","userId":1}
{"error":"column \"marketing_emails\" does not exist","level":"error","message":"Database query error","timestamp":"2025-10-20T10:17:41.250Z"}
{"error":"column \"marketing_emails\" does not exist","level":"error","message":"Error fetching preferences","timestamp":"2025-10-20T10:17:41.250Z","userId":1}
{"error":"column \"marketing_emails\" does not exist","level":"error","message":"Error retrieving preferences","timestamp":"2025-10-20T10:17:41.250Z"}
{"error":"syntax error at or near \"FROM\"","level":"error","message":"Database query error","timestamp":"2025-10-20T10:17:41.557Z"}
{"error":"syntax error at or near \"FROM\"","level":"error","message":"Error fetching profile","timestamp":"2025-10-20T10:17:41.557Z","userId":1}
{"error":"syntax error at or near \"FROM\"","level":"error","message":"Error retrieving profile","timestamp":"2025-10-20T10:17:41.557Z"}
{"error":"syntax error at or near \"FROM\"","level":"error","message":"Database query error","timestamp":"2025-10-20T10:17:41.558Z"}
{"error":"syntax error at or near \"FROM\"","level":"error","message":"Error fetching profile","timestamp":"2025-10-20T10:17:41.558Z","userId":1}
{"error":"syntax error at or near \"FROM\"","level":"error","message":"Error retrieving profile","timestamp":"2025-10-20T10:17:41.558Z"}
{"error":"syntax error at or near \"FROM\"","level":"error","message":"Database query error","timestamp":"2025-10-20T10:20:34.002Z"}
{"error":"syntax error at or near \"FROM\"","level":"error","message":"Error fetching profile","timestamp":"2025-10-20T10:20:34.003Z","userId":1}
{"error":"syntax error at or near \"FROM\"","level":"error","message":"Error getting complete user data","timestamp":"2025-10-20T10:20:34.003Z","userId":1}
{"error":"syntax error at or near \"FROM\"","level":"error","message":"Error retrieving user data","timestamp":"2025-10-20T10:20:34.003Z"}
{"error":"Connection terminated due to connection timeout","level":"error","message":"Database query error","timestamp":"2025-10-20T10:37:14.996Z"}
{"error":"Connection terminated due to connection timeout","level":"error","message":"Error verifying user","timestamp":"2025-10-20T10:37:14.996Z","userId":1}
{"error":"Connection terminated due to connection timeout","level":"error","message":"Database query error","timestamp":"2025-10-20T12:17:05.495Z"}
{"error":"Connection terminated due to connection timeout","level":"error","message":"Error verifying user","timestamp":"2025-10-20T12:17:05.495Z","userId":1}
{"error":"Connection terminated due to connection timeout","level":"error","message":"Database query error","timestamp":"2025-10-21T04:43:19.906Z"}
{"error":"Connection terminated due to connection timeout","level":"error","message":"Error verifying user","timestamp":"2025-10-21T04:43:19.906Z","userId":1}
{"error":"Connection terminated due to connection timeout","level":"error","message":"Database query error","timestamp":"2025-10-21T04:43:19.907Z"}
{"error":"Connection terminated due to connection timeout","level":"error","message":"Error verifying user","timestamp":"2025-10-21T04:43:19.907Z","userId":1}
{"error":"Connection terminated due to connection timeout","level":"error","message":"Database query error","timestamp":"2025-10-21T12:42:57.321Z"}
{"error":"Connection terminated due to connection timeout","level":"error","message":"Error verifying user","timestamp":"2025-10-21T12:42:57.321Z","userId":1}
{"error":"Connection terminated due to connection timeout","level":"error","message":"Database query error","timestamp":"2025-10-21T12:43:18.334Z"}
{"error":"Connection terminated due to connection timeout","level":"error","message":"Error verifying user","timestamp":"2025-10-21T12:43:18.334Z","userId":1}
{"error":"Connection terminated due to connection timeout","level":"error","message":"Database query error","timestamp":"2025-10-21T19:04:52.183Z"}
{"error":"Connection terminated due to connection timeout","level":"error","message":"Error verifying user","timestamp":"2025-10-21T19:04:52.183Z","userId":1}
{"error":"Connection terminated due to connection timeout","level":"error","message":"Database query error","timestamp":"2025-10-21T19:31:55.816Z"}
{"error":"Connection terminated due to connection timeout","level":"error","message":"Error verifying user","timestamp":"2025-10-21T19:31:55.816Z","userId":1}
{"error":"Connection terminated due to connection timeout","level":"error","message":"Database query error","timestamp":"2025-10-21T19:32:03.105Z"}
{"error":"Connection terminated due to connection timeout","level":"error","message":"Error verifying user","timestamp":"2025-10-21T19:32:03.105Z","userId":1}
{"error":"Connection terminated due to connection timeout","level":"error","message":"Database query error","timestamp":"2025-10-21T19:32:03.106Z"}
{"error":"Connection terminated due to connection timeout","level":"error","message":"Error verifying user","timestamp":"2025-10-21T19:32:03.106Z","userId":1}
{"error":"Connection terminated due to connection timeout","level":"error","message":"Database query error","timestamp":"2025-10-21T20:25:20.273Z"}
{"error":"Connection terminated due to connection timeout","level":"error","message":"Error verifying user","timestamp":"2025-10-21T20:25:20.273Z","userId":1}
{"error":"Connection terminated due to connection timeout","level":"error","message":"Database query error","timestamp":"2025-10-22T16:05:08.431Z"}
{"error":"Connection terminated due to connection timeout","level":"error","message":"Error verifying user","timestamp":"2025-10-22T16:05:08.432Z","userId":1}
{"error":"Connection terminated due to connection timeout","level":"error","message":"Database query error","timestamp":"2025-10-22T17:14:05.188Z"}
{"error":"Connection terminated due to connection timeout","level":"error","message":"Error verifying user","timestamp":"2025-10-22T17:14:05.188Z","userId":1}
{"error":"Connection terminated due to connection timeout","level":"error","message":"Database query error","timestamp":"2025-10-23T00:43:30.603Z"}
{"error":"Connection terminated due to connection timeout","level":"error","message":"Error verifying user","timestamp":"2025-10-23T00:43:30.603Z","userId":1}
{"error":"Connection terminated due to connection timeout","level":"error","message":"Database query error","timestamp":"2025-10-23T06:11:50.859Z"}
{"error":"Connection terminated due to connection timeout","level":"error","message":"Error verifying user","timestamp":"2025-10-23T06:11:50.859Z","userId":1}
{"error":"Connection terminated due to connection timeout","level":"error","message":"Database query error","timestamp":"2025-10-23T06:11:50.860Z"}
{"error":"Connection terminated due to connection timeout","level":"error","message":"Error verifying user","timestamp":"2025-10-23T06:11:50.860Z","userId":1}
{"error":"Connection terminated due to connection timeout","level":"error","message":"Database query error","timestamp":"2025-10-23T06:18:34.046Z"}
{"error":"Connection terminated due to connection timeout","level":"error","message":"Error verifying user","timestamp":"2025-10-23T06:18:34.047Z","userId":1}
{"error":"Connection terminated due to connection timeout","level":"error","message":"Database query error","timestamp":"2025-10-23T06:23:45.997Z"}
{"error":"Connection terminated due to connection timeout","level":"error","message":"Error verifying user","timestamp":"2025-10-23T06:23:45.997Z","userId":1}
{"error":"read ETIMEDOUT","level":"error","message":"Unexpected error on idle client","timestamp":"2025-10-23T06:41:04.416Z"}
{"error":"Connection terminated due to connection timeout","level":"error","message":"Database query error","timestamp":"2025-10-23T08:08:18.313Z"}
{"error":"Connection terminated due to connection timeout","level":"error","message":"Error verifying user","timestamp":"2025-10-23T08:08:18.313Z","userId":7}
{"error":"Connection terminated due to connection timeout","level":"error","message":"Database query error","timestamp":"2025-10-23T13:40:17.880Z"}
{"error":"Connection terminated due to connection timeout","level":"error","message":"Error verifying user","timestamp":"2025-10-23T13:40:17.881Z","userId":1}
{"error":"Connection terminated due to connection timeout","level":"error","message":"Database query error","timestamp":"2025-10-23T13:41:07.381Z"}
{"error":"Connection terminated due to connection timeout","level":"error","message":"Error verifying user","timestamp":"2025-10-23T13:41:07.381Z","userId":1}
{"error":"Connection terminated due to connection timeout","level":"error","message":"Database query error","timestamp":"2025-10-23T13:41:07.381Z"}
{"error":"Connection terminated due to connection timeout","level":"error","message":"Error verifying user","timestamp":"2025-10-23T13:41:07.382Z","userId":1}
{"error":"connect ETIMEDOUT 35.227.164.209:5432","level":"error","message":"Database query error","timestamp":"2025-11-05T10:51:26.775Z"}
{"error":"connect ETIMEDOUT 35.227.164.209:5432","level":"error","message":"Error verifying user","timestamp":"2025-11-05T10:51:26.775Z","userId":1}
{"error":"connect ETIMEDOUT 35.227.164.209:5432","level":"error","message":"Database query error","timestamp":"2025-11-05T10:51:26.776Z"}
{"error":"connect ETIMEDOUT 35.227.164.209:5432","level":"error","message":"Error verifying user","timestamp":"2025-11-05T10:51:26.776Z","userId":1}
{"error":"connect ETIMEDOUT 35.227.164.209:5432","level":"error","message":"Database query error","timestamp":"2025-11-05T10:51:30.871Z"}
{"error":"connect ETIMEDOUT 35.227.164.209:5432","level":"error","message":"Error verifying user","timestamp":"2025-11-05T10:51:30.871Z","userId":1}
{"error":"connect ETIMEDOUT 35.227.164.209:5432","level":"error","message":"Database query error","timestamp":"2025-11-05T10:51:30.871Z"}
{"error":"connect ETIMEDOUT 35.227.164.209:5432","level":"error","message":"Error verifying user","timestamp":"2025-11-05T10:51:30.871Z","userId":1}
{"error":"connect ETIMEDOUT 35.227.164.209:5432","level":"error","message":"Database query error","timestamp":"2025-11-05T10:51:34.966Z"}
{"error":"connect ETIMEDOUT 35.227.164.209:5432","level":"error","message":"Error verifying user","timestamp":"2025-11-05T10:51:34.967Z","userId":1}
{"error":"connect ETIMEDOUT 35.227.164.209:5432","level":"error","message":"Database query error","timestamp":"2025-11-05T10:51:34.967Z"}
{"error":"connect ETIMEDOUT 35.227.164.209:5432","level":"error","message":"Error verifying user","timestamp":"2025-11-05T10:51:34.967Z","userId":1}
{"error":"connect ETIMEDOUT 35.227.164.209:5432","level":"error","message":"Database query error","timestamp":"2025-11-05T10:52:32.311Z"}
{"error":"connect ETIMEDOUT 35.227.164.209:5432","level":"error","message":"Error verifying user","timestamp":"2025-11-05T10:52:32.311Z","userId":1}
{"error":"connect ETIMEDOUT 35.227.164.209:5432","level":"error","message":"Database query error","timestamp":"2025-11-05T10:52:32.311Z"}
{"error":"connect ETIMEDOUT 35.227.164.209:5432","level":"error","message":"Error verifying user","timestamp":"2025-11-05T10:52:32.311Z","userId":1}
{"error":"userService.getUserProfile is not a function","level":"error","message":"Error retrieving profile","timestamp":"2025-11-06T09:19:45.120Z"}
{"error":"userService.getUserProfile is not a function","level":"error","message":"Error retrieving profile","timestamp":"2025-11-06T09:19:45.125Z"}
{"error":"userService.getUserProfile is not a function","level":"error","message":"Error retrieving profile","timestamp":"2025-11-06T09:33:15.180Z"}
{"error":"userService.getUserProfile is not a function","level":"error","message":"Error retrieving profile","timestamp":"2025-11-06T09:33:20.757Z"}
{"error":"userService.getUserProfile is not a function","level":"error","message":"Error retrieving profile","timestamp":"2025-11-06T09:40:18.008Z"}
{"error":"userService.getUserProfile is not a function","level":"error","message":"Error retrieving profile","timestamp":"2025-11-06T09:40:19.635Z"}
{"error":"userService.getUserProfile is not a function","level":"error","message":"Error retrieving profile","timestamp":"2025-11-06T09:46:24.794Z"}
{"error":"userService.getUserProfile is not a function","level":"error","message":"Error retrieving profile","timestamp":"2025-11-06T09:46:27.255Z"}
{"error":"userService.getUserProfile is not a function","level":"error","message":"Error retrieving profile","timestamp":"2025-11-06T09:52:17.214Z"}
{"error":"userService.getUserProfile is not a function","level":"error","message":"Error retrieving profile","timestamp":"2025-11-06T09:52:17.487Z"}
{"error":"userService.getUserProfile is not a function","level":"error","message":"Error retrieving profile","timestamp":"2025-11-06T09:53:03.029Z"}
{"error":"userService.getUserProfile is not a function","level":"error","message":"Error retrieving profile","timestamp":"2025-11-06T09:53:04.769Z"}
